[1028/192524.364:ERROR:directory_reader_win.cc(43)] FindFirstFile: The system cannot find the path specified. (0x3)
<<<<<<< HEAD
[1226/210222.546:ERROR:directory_reader_win.cc(43)] FindFirstFile: The system cannot find the path specified. (0x3)
[1228/152112.288:ERROR:process_reader_win.cc(151)] SuspendThread: Access is denied. (0x5)
[1228/152112.289:ERROR:process_reader_win.cc(151)] SuspendThread: Access is denied. (0x5)
[1228/152112.289:ERROR:process_reader_win.cc(151)] SuspendThread: Access is denied. (0x5)
[1228/152112.289:ERROR:process_reader_win.cc(151)] SuspendThread: Access is denied. (0x5)
[1228/152112.289:ERROR:process_reader_win.cc(151)] SuspendThread: Access is denied. (0x5)
[1228/152112.289:ERROR:process_reader_win.cc(151)] SuspendThread: Access is denied. (0x5)
[1228/152112.292:ERROR:process_reader_win.cc(151)] SuspendThread: Access is denied. (0x5)
[1228/152112.307:ERROR:process_reader_win.cc(151)] SuspendThread: Access is denied. (0x5)
[1228/152112.307:ERROR:process_reader_win.cc(151)] SuspendThread: Access is denied. (0x5)
[1228/152112.307:ERROR:process_reader_win.cc(151)] SuspendThread: Access is denied. (0x5)
[1228/152112.294:ERROR:process_reader_win.cc(151)] SuspendThread: Access is denied. (0x5)
[1228/152112.307:ERROR:process_reader_win.cc(151)] SuspendThread: Access is denied. (0x5)
[1228/152112.307:ERROR:process_reader_win.cc(151)] SuspendThread: Access is denied. (0x5)
[1228/152112.307:ERROR:process_reader_win.cc(151)] SuspendThread: Access is denied. (0x5)
[1228/152112.308:ERROR:process_reader_win.cc(151)] SuspendThread: Access is denied. (0x5)
[1228/152112.308:ERROR:process_reader_win.cc(151)] SuspendThread: Access is denied. (0x5)
[1228/152112.308:ERROR:process_reader_win.cc(151)] SuspendThread: Access is denied. (0x5)
[1228/152112.308:ERROR:process_reader_win.cc(151)] SuspendThread: Access is denied. (0x5)
[1228/152112.308:ERROR:process_reader_win.cc(151)] SuspendThread: Access is denied. (0x5)
[1228/152112.308:ERROR:process_reader_win.cc(151)] SuspendThread: Access is denied. (0x5)
[1228/152112.304:ERROR:process_reader_win.cc(151)] SuspendThread: Access is denied. (0x5)
[1228/152112.308:ERROR:process_reader_win.cc(151)] SuspendThread: Access is denied. (0x5)
[1228/152112.308:ERROR:process_reader_win.cc(151)] SuspendThread: Access is denied. (0x5)
[1228/152112.308:ERROR:process_reader_win.cc(151)] SuspendThread: Access is denied. (0x5)
[1228/152112.308:ERROR:process_reader_win.cc(151)] SuspendThread: Access is denied. (0x5)
[1228/152112.308:ERROR:process_reader_win.cc(151)] SuspendThread: Access is denied. (0x5)
[1228/152112.308:ERROR:process_reader_win.cc(151)] SuspendThread: Access is denied. (0x5)
[1228/152112.308:ERROR:process_reader_win.cc(151)] SuspendThread: Access is denied. (0x5)
[1228/152112.308:ERROR:process_reader_win.cc(151)] SuspendThread: Access is denied. (0x5)
[1228/152112.308:ERROR:process_reader_win.cc(151)] SuspendThread: Access is denied. (0x5)
[1228/152112.308:ERROR:process_reader_win.cc(151)] SuspendThread: Access is denied. (0x5)
[1228/152112.308:ERROR:process_reader_win.cc(151)] SuspendThread: Access is denied. (0x5)
[1228/152112.308:ERROR:process_reader_win.cc(151)] SuspendThread: Access is denied. (0x5)
[1228/152112.308:ERROR:process_reader_win.cc(151)] SuspendThread: Access is denied. (0x5)
[1228/152112.307:ERROR:process_reader_win.cc(151)] SuspendThread: Access is denied. (0x5)
[1228/152112.308:ERROR:process_reader_win.cc(151)] SuspendThread: Access is denied. (0x5)
[1228/152112.308:ERROR:process_reader_win.cc(151)] SuspendThread: Access is denied. (0x5)
[1228/152112.309:ERROR:process_reader_win.cc(151)] SuspendThread: Access is denied. (0x5)
[1228/152112.309:ERROR:process_reader_win.cc(151)] SuspendThread: Access is denied. (0x5)
[1228/152112.310:ERROR:process_reader_win.cc(151)] SuspendThread: Access is denied. (0x5)
[1228/152112.311:ERROR:process_reader_win.cc(151)] SuspendThread: Access is denied. (0x5)
[1228/152112.312:ERROR:process_reader_win.cc(151)] SuspendThread: Access is denied. (0x5)
[1228/152112.312:ERROR:process_reader_win.cc(151)] SuspendThread: Access is denied. (0x5)
[1228/152112.308:ERROR:process_reader_win.cc(151)] SuspendThread: Access is denied. (0x5)
[1228/152112.312:ERROR:process_reader_win.cc(123)] NtOpenThread: {Access Denied} A process has requested access to an object, but has not been granted those access rights. (0xc0000022)
[1228/152112.314:ERROR:exception_snapshot_win.cc(99)] thread ID 12564 not found in process
[1228/152112.309:ERROR:process_reader_win.cc(123)] NtOpenThread: {Access Denied} A process has requested access to an object, but has not been granted those access rights. (0xc0000022)
[1228/152112.308:ERROR:process_reader_win.cc(123)] NtOpenThread: {Access Denied} A process has requested access to an object, but has not been granted those access rights. (0xc0000022)
[1228/152112.314:ERROR:exception_snapshot_win.cc(99)] thread ID 15456 not found in process
[1228/152112.312:ERROR:process_reader_win.cc(123)] NtOpenThread: {Access Denied} A process has requested access to an object, but has not been granted those access rights. (0xc0000022)
[1228/152112.314:ERROR:exception_snapshot_win.cc(99)] thread ID 15108 not found in process
[1228/152112.314:ERROR:exception_snapshot_win.cc(99)] thread ID 15532 not found in process
[1228/152112.318:ERROR:process_reader_win.cc(151)] SuspendThread: Access is denied. (0x5)
[1228/152112.319:ERROR:process_reader_win.cc(151)] SuspendThread: Access is denied. (0x5)
[1228/152112.319:ERROR:process_reader_win.cc(151)] SuspendThread: Access is denied. (0x5)
[1228/152112.319:ERROR:process_reader_win.cc(151)] SuspendThread: Access is denied. (0x5)
[1228/152112.319:ERROR:process_reader_win.cc(151)] SuspendThread: Access is denied. (0x5)
[1228/152112.319:ERROR:process_reader_win.cc(151)] SuspendThread: Access is denied. (0x5)
[1228/152112.319:ERROR:process_reader_win.cc(151)] SuspendThread: Access is denied. (0x5)
[1228/152112.319:ERROR:process_reader_win.cc(151)] SuspendThread: Access is denied. (0x5)
[1228/152112.319:ERROR:process_reader_win.cc(151)] SuspendThread: Access is denied. (0x5)
[1228/152112.319:ERROR:process_reader_win.cc(151)] SuspendThread: Access is denied. (0x5)
[1228/152112.319:ERROR:process_reader_win.cc(151)] SuspendThread: Access is denied. (0x5)
[1228/152112.319:ERROR:process_reader_win.cc(123)] NtOpenThread: {Access Denied} A process has requested access to an object, but has not been granted those access rights. (0xc0000022)
[1228/152112.319:ERROR:exception_snapshot_win.cc(99)] thread ID 16140 not found in process
[1228/152112.347:ERROR:process_reader_win.cc(151)] SuspendThread: Access is denied. (0x5)
[1228/152112.347:ERROR:process_reader_win.cc(151)] SuspendThread: Access is denied. (0x5)
[1228/152112.347:ERROR:process_reader_win.cc(151)] SuspendThread: Access is denied. (0x5)
[1228/152112.347:ERROR:process_reader_win.cc(151)] SuspendThread: Access is denied. (0x5)
[1228/152112.347:ERROR:process_reader_win.cc(151)] SuspendThread: Access is denied. (0x5)
[1228/152112.347:ERROR:process_reader_win.cc(151)] SuspendThread: Access is denied. (0x5)
[1228/152112.347:ERROR:process_reader_win.cc(151)] SuspendThread: Access is denied. (0x5)
[1228/152112.347:ERROR:process_reader_win.cc(151)] SuspendThread: Access is denied. (0x5)
[1228/152112.347:ERROR:process_reader_win.cc(151)] SuspendThread: Access is denied. (0x5)
[1228/152112.347:ERROR:process_reader_win.cc(151)] SuspendThread: Access is denied. (0x5)
[1228/152112.347:ERROR:process_reader_win.cc(151)] SuspendThread: Access is denied. (0x5)
[1228/152112.347:ERROR:process_reader_win.cc(123)] NtOpenThread: {Access Denied} A process has requested access to an object, but has not been granted those access rights. (0xc0000022)
[1228/152112.348:ERROR:exception_snapshot_win.cc(99)] thread ID 400 not found in process
=======
[1112/124112.126:ERROR:directory_reader_win.cc(43)] FindFirstFile: The system cannot find the path specified. (0x3)
>>>>>>> 37137a73dd46edd2bbe27377bc2dd42a622365ac
[0120/225309.367:ERROR:directory_reader_win.cc(43)] FindFirstFile: The system cannot find the path specified. (0x3)
